<?xml version="1.0" encoding="UTF-8"?>
<testng-results ignored="2" total="8" passed="6" failed="0" skipped="0">
  <reporter-output>
    <line>
      <![CDATA[Home Page is Displayed]]>
    </line>
    <line>
      <![CDATA[Home Page is Displayed]]>
    </line>
    <line>
      <![CDATA[Login page is displayed]]>
    </line>
    <line>
      <![CDATA[Home Page is Displayed]]>
    </line>
    <line>
      <![CDATA[Login page is displayed]]>
    </line>
    <line>
      <![CDATA[Register Page is Displayed]]>
    </line>
    <line>
      <![CDATA[User loged In]]>
    </line>
    <line>
      <![CDATA[User loged In]]>
    </line>
    <line>
      <![CDATA[Books Page Is Displayed]]>
    </line>
    <line>
      <![CDATA[Digital Downloads Page Is Displayed]]>
    </line>
    <line>
      <![CDATA[User Registeredm successfully]]>
    </line>
    <line>
      <![CDATA[Wish List Page is Displayed]]>
    </line>
    <line>
      <![CDATA[Added Product is displayed in wish List]]>
    </line>
    <line>
      <![CDATA[Added Product is removed]]>
    </line>
    <line>
      <![CDATA[Shopping Cart Page Is Displayed]]>
    </line>
    <line>
      <![CDATA[All Added Products are displayed]]>
    </line>
    <line>
      <![CDATA[All Added Products are removed from Cart]]>
    </line>
    <line>
      <![CDATA[Home Page is Displayed]]>
    </line>
    <line>
      <![CDATA[Register Page is Displayed]]>
    </line>
    <line>
      <![CDATA[User Registeredm successfully]]>
    </line>
    <line>
      <![CDATA[Home Page is Displayed]]>
    </line>
    <line>
      <![CDATA[Register Page is Displayed]]>
    </line>
    <line>
      <![CDATA[User Registeredm successfully]]>
    </line>
    <line>
      <![CDATA[Home Page is Displayed]]>
    </line>
    <line>
      <![CDATA[Register Page is Displayed]]>
    </line>
    <line>
      <![CDATA[User Registeredm successfully]]>
    </line>
  </reporter-output>
  <suite started-at="2024-01-29T12:58:43 IST" name="Suite" finished-at="2024-01-29T12:59:10 IST" duration-ms="27335">
    <groups>
    </groups>
    <test started-at="2024-01-29T12:58:43 IST" name="Test" finished-at="2024-01-29T12:59:10 IST" duration-ms="27335">
      <class name="com.demowebshop.testscripts.TC002_VerifyUsrIsAbleToAddProductToWishListAndRemoveTest">
        <test-method is-config="true" signature="launchBrowser(java.lang.String)[pri:0, instance:com.demowebshop.testscripts.TC002_VerifyUsrIsAbleToAddProductToWishListAndRemoveTest@5c33f1a9]" started-at="2024-01-29T12:58:43 IST" name="launchBrowser" finished-at="2024-01-29T12:58:47 IST" duration-ms="4299" status="PASS">
          <params>
            <param index="0">
              <value>
                <![CDATA[Chrome]]>
              </value>
            </param>
          </params>
          <reporter-output>
            <line>
              <![CDATA[Home Page is Displayed]]>
            </line>
          </reporter-output>
        </test-method> <!-- launchBrowser -->
        <test-method is-config="true" signature="login(java.lang.reflect.Method)[pri:0, instance:com.demowebshop.testscripts.TC002_VerifyUsrIsAbleToAddProductToWishListAndRemoveTest@5c33f1a9]" started-at="2024-01-29T12:58:47 IST" name="login" finished-at="2024-01-29T12:58:49 IST" duration-ms="1307" status="PASS">
          <params>
            <param index="0">
              <value>
                <![CDATA[public void com.demowebshop.testscripts.TC002_VerifyUsrIsAbleToAddProductToWishListAndRemoveTest.addProductToWishList()]]>
              </value>
            </param>
          </params>
          <reporter-output>
            <line>
              <![CDATA[Login page is displayed]]>
            </line>
            <line>
              <![CDATA[User loged In]]>
            </line>
          </reporter-output>
        </test-method> <!-- login -->
        <test-method signature="addProductToWishList()[pri:0, instance:com.demowebshop.testscripts.TC002_VerifyUsrIsAbleToAddProductToWishListAndRemoveTest@5c33f1a9]" started-at="2024-01-29T12:58:49 IST" name="addProductToWishList" finished-at="2024-01-29T12:58:52 IST" duration-ms="3181" status="PASS">
          <reporter-output>
            <line>
              <![CDATA[Books Page Is Displayed]]>
            </line>
            <line>
              <![CDATA[Wish List Page is Displayed]]>
            </line>
            <line>
              <![CDATA[Added Product is displayed in wish List]]>
            </line>
            <line>
              <![CDATA[Added Product is removed]]>
            </line>
          </reporter-output>
        </test-method> <!-- addProductToWishList -->
        <test-method is-config="true" signature="logout()[pri:0, instance:com.demowebshop.testscripts.TC002_VerifyUsrIsAbleToAddProductToWishListAndRemoveTest@5c33f1a9]" started-at="2024-01-29T12:58:52 IST" name="logout" finished-at="2024-01-29T12:58:53 IST" duration-ms="837" status="PASS">
          <reporter-output>
          </reporter-output>
        </test-method> <!-- logout -->
        <test-method is-config="true" signature="closeBrowser()[pri:0, instance:com.demowebshop.testscripts.TC002_VerifyUsrIsAbleToAddProductToWishListAndRemoveTest@5c33f1a9]" started-at="2024-01-29T12:58:53 IST" name="closeBrowser" finished-at="2024-01-29T12:58:53 IST" duration-ms="99" status="PASS">
          <reporter-output>
          </reporter-output>
        </test-method> <!-- closeBrowser -->
      </class> <!-- com.demowebshop.testscripts.TC002_VerifyUsrIsAbleToAddProductToWishListAndRemoveTest -->
      <class name="com.demowebshop.testscripts.TC001_VerifyThatUserIsAbleToRegisterTest">
        <test-method signature="register(java.lang.String,java.lang.String,java.lang.String,java.lang.String,java.lang.String)[pri:0, instance:com.demowebshop.testscripts.TC001_VerifyThatUserIsAbleToRegisterTest@4567f35d]" started-at="2024-01-29T12:58:44 IST" name="register" data-provider="register" finished-at="2024-01-29T12:58:52 IST" duration-ms="7934" status="PASS">
          <params>
            <param index="0">
              <value>
                <![CDATA[Sheela]]>
              </value>
            </param>
            <param index="1">
              <value>
                <![CDATA[Gowda]]>
              </value>
            </param>
            <param index="2">
              <value>
                <![CDATA[Sheela@gmail.com]]>
              </value>
            </param>
            <param index="3">
              <value>
                <![CDATA[Sheela@123]]>
              </value>
            </param>
            <param index="4">
              <value>
                <![CDATA[Sheela@123]]>
              </value>
            </param>
          </params>
          <reporter-output>
            <line>
              <![CDATA[Home Page is Displayed]]>
            </line>
            <line>
              <![CDATA[Register Page is Displayed]]>
            </line>
            <line>
              <![CDATA[User Registeredm successfully]]>
            </line>
          </reporter-output>
        </test-method> <!-- register -->
        <test-method signature="register(java.lang.String,java.lang.String,java.lang.String,java.lang.String,java.lang.String)[pri:0, instance:com.demowebshop.testscripts.TC001_VerifyThatUserIsAbleToRegisterTest@4567f35d]" started-at="2024-01-29T12:58:52 IST" name="register" data-provider="register" finished-at="2024-01-29T12:58:58 IST" duration-ms="6487" status="PASS">
          <params>
            <param index="0">
              <value>
                <![CDATA[Leela]]>
              </value>
            </param>
            <param index="1">
              <value>
                <![CDATA[Nayak]]>
              </value>
            </param>
            <param index="2">
              <value>
                <![CDATA[Leela@gmail.com]]>
              </value>
            </param>
            <param index="3">
              <value>
                <![CDATA[Leela@123]]>
              </value>
            </param>
            <param index="4">
              <value>
                <![CDATA[Leela@123]]>
              </value>
            </param>
          </params>
          <reporter-output>
            <line>
              <![CDATA[Home Page is Displayed]]>
            </line>
            <line>
              <![CDATA[Register Page is Displayed]]>
            </line>
            <line>
              <![CDATA[User Registeredm successfully]]>
            </line>
          </reporter-output>
        </test-method> <!-- register -->
        <test-method signature="register(java.lang.String,java.lang.String,java.lang.String,java.lang.String,java.lang.String)[pri:0, instance:com.demowebshop.testscripts.TC001_VerifyThatUserIsAbleToRegisterTest@4567f35d]" started-at="2024-01-29T12:58:58 IST" name="register" data-provider="register" finished-at="2024-01-29T12:59:04 IST" duration-ms="6201" status="PASS">
          <params>
            <param index="0">
              <value>
                <![CDATA[Mala]]>
              </value>
            </param>
            <param index="1">
              <value>
                <![CDATA[Gowda]]>
              </value>
            </param>
            <param index="2">
              <value>
                <![CDATA[Mala@gmail.com]]>
              </value>
            </param>
            <param index="3">
              <value>
                <![CDATA[Mala@123]]>
              </value>
            </param>
            <param index="4">
              <value>
                <![CDATA[Mala@123]]>
              </value>
            </param>
          </params>
          <reporter-output>
            <line>
              <![CDATA[Home Page is Displayed]]>
            </line>
            <line>
              <![CDATA[Register Page is Displayed]]>
            </line>
            <line>
              <![CDATA[User Registeredm successfully]]>
            </line>
          </reporter-output>
        </test-method> <!-- register -->
        <test-method signature="register(java.lang.String,java.lang.String,java.lang.String,java.lang.String,java.lang.String)[pri:0, instance:com.demowebshop.testscripts.TC001_VerifyThatUserIsAbleToRegisterTest@4567f35d]" started-at="2024-01-29T12:59:04 IST" name="register" data-provider="register" finished-at="2024-01-29T12:59:10 IST" duration-ms="6016" status="PASS">
          <params>
            <param index="0">
              <value>
                <![CDATA[Urmila]]>
              </value>
            </param>
            <param index="1">
              <value>
                <![CDATA[Jain]]>
              </value>
            </param>
            <param index="2">
              <value>
                <![CDATA[Urmila@gmail.com]]>
              </value>
            </param>
            <param index="3">
              <value>
                <![CDATA[Urmila@123]]>
              </value>
            </param>
            <param index="4">
              <value>
                <![CDATA[Urmila@123]]>
              </value>
            </param>
          </params>
          <reporter-output>
            <line>
              <![CDATA[Home Page is Displayed]]>
            </line>
            <line>
              <![CDATA[Register Page is Displayed]]>
            </line>
            <line>
              <![CDATA[User Registeredm successfully]]>
            </line>
          </reporter-output>
        </test-method> <!-- register -->
      </class> <!-- com.demowebshop.testscripts.TC001_VerifyThatUserIsAbleToRegisterTest -->
      <class name="com.demowebshop.testscripts.TC003_VerifyUsrIsAbleToAddProductsToCartAndRemoveTest">
        <test-method is-config="true" signature="beforeSuite()[pri:0, instance:com.demowebshop.testscripts.TC003_VerifyUsrIsAbleToAddProductsToCartAndRemoveTest@7f0eb4b4]" started-at="2024-01-29T12:58:43 IST" name="beforeSuite" finished-at="2024-01-29T12:58:43 IST" duration-ms="186" status="PASS">
          <reporter-output>
          </reporter-output>
        </test-method> <!-- beforeSuite -->
        <test-method is-config="true" signature="launchBrowser(java.lang.String)[pri:0, instance:com.demowebshop.testscripts.TC003_VerifyUsrIsAbleToAddProductsToCartAndRemoveTest@7f0eb4b4]" started-at="2024-01-29T12:58:43 IST" name="launchBrowser" finished-at="2024-01-29T12:58:48 IST" duration-ms="4526" status="PASS">
          <params>
            <param index="0">
              <value>
                <![CDATA[Chrome]]>
              </value>
            </param>
          </params>
          <reporter-output>
            <line>
              <![CDATA[Home Page is Displayed]]>
            </line>
          </reporter-output>
        </test-method> <!-- launchBrowser -->
        <test-method is-config="true" signature="login(java.lang.reflect.Method)[pri:0, instance:com.demowebshop.testscripts.TC003_VerifyUsrIsAbleToAddProductsToCartAndRemoveTest@7f0eb4b4]" started-at="2024-01-29T12:58:48 IST" name="login" finished-at="2024-01-29T12:58:49 IST" duration-ms="1302" status="PASS">
          <params>
            <param index="0">
              <value>
                <![CDATA[public void com.demowebshop.testscripts.TC003_VerifyUsrIsAbleToAddProductsToCartAndRemoveTest.addProductToWishList() throws java.lang.InterruptedException]]>
              </value>
            </param>
          </params>
          <reporter-output>
            <line>
              <![CDATA[Login page is displayed]]>
            </line>
            <line>
              <![CDATA[User loged In]]>
            </line>
          </reporter-output>
        </test-method> <!-- login -->
        <test-method signature="addProductToWishList()[pri:0, instance:com.demowebshop.testscripts.TC003_VerifyUsrIsAbleToAddProductsToCartAndRemoveTest@7f0eb4b4]" started-at="2024-01-29T12:58:49 IST" name="addProductToWishList" finished-at="2024-01-29T12:58:55 IST" duration-ms="5742" status="PASS">
          <reporter-output>
            <line>
              <![CDATA[Digital Downloads Page Is Displayed]]>
            </line>
            <line>
              <![CDATA[Shopping Cart Page Is Displayed]]>
            </line>
            <line>
              <![CDATA[All Added Products are displayed]]>
            </line>
            <line>
              <![CDATA[All Added Products are removed from Cart]]>
            </line>
          </reporter-output>
        </test-method> <!-- addProductToWishList -->
        <test-method is-config="true" signature="logout()[pri:0, instance:com.demowebshop.testscripts.TC003_VerifyUsrIsAbleToAddProductsToCartAndRemoveTest@7f0eb4b4]" started-at="2024-01-29T12:58:55 IST" name="logout" finished-at="2024-01-29T12:58:55 IST" duration-ms="705" status="PASS">
          <reporter-output>
          </reporter-output>
        </test-method> <!-- logout -->
        <test-method is-config="true" signature="closeBrowser()[pri:0, instance:com.demowebshop.testscripts.TC003_VerifyUsrIsAbleToAddProductsToCartAndRemoveTest@7f0eb4b4]" started-at="2024-01-29T12:58:55 IST" name="closeBrowser" finished-at="2024-01-29T12:58:56 IST" duration-ms="132" status="PASS">
          <reporter-output>
          </reporter-output>
        </test-method> <!-- closeBrowser -->
        <test-method is-config="true" signature="afterSuite()[pri:0, instance:com.demowebshop.testscripts.TC003_VerifyUsrIsAbleToAddProductsToCartAndRemoveTest@7f0eb4b4]" started-at="2024-01-29T12:59:10 IST" name="afterSuite" finished-at="2024-01-29T12:59:11 IST" duration-ms="243" status="PASS">
          <reporter-output>
          </reporter-output>
        </test-method> <!-- afterSuite -->
      </class> <!-- com.demowebshop.testscripts.TC003_VerifyUsrIsAbleToAddProductsToCartAndRemoveTest -->
    </test> <!-- Test -->
  </suite> <!-- Suite -->
</testng-results>
