<?xml version="1.0" encoding="UTF-8"?>
<testng-results ignored="0" total="6" passed="6" failed="0" skipped="0">
  <reporter-output>
    <line>
      <![CDATA[Home Page is Displayed]]>
    </line>
    <line>
      <![CDATA[Home Page is Displayed]]>
    </line>
    <line>
      <![CDATA[Home Page is Displayed]]>
    </line>
    <line>
      <![CDATA[Login page is displayed]]>
    </line>
    <line>
      <![CDATA[Login page is displayed]]>
    </line>
    <line>
      <![CDATA[Register Page is Displayed]]>
    </line>
    <line>
      <![CDATA[User loged In]]>
    </line>
    <line>
      <![CDATA[User loged In]]>
    </line>
    <line>
      <![CDATA[Digital Downloads Page Is Displayed]]>
    </line>
    <line>
      <![CDATA[Books Page Is Displayed]]>
    </line>
    <line>
      <![CDATA[User Registeredm successfully]]>
    </line>
    <line>
      <![CDATA[Wish List Page is Displayed]]>
    </line>
    <line>
      <![CDATA[Added Product is displayed in wish List]]>
    </line>
    <line>
      <![CDATA[Added Product is removed]]>
    </line>
    <line>
      <![CDATA[Shopping Cart Page Is Displayed]]>
    </line>
    <line>
      <![CDATA[All Added Products are displayed]]>
    </line>
    <line>
      <![CDATA[All Added Products are removed from Cart]]>
    </line>
    <line>
      <![CDATA[Home Page is Displayed]]>
    </line>
    <line>
      <![CDATA[Register Page is Displayed]]>
    </line>
    <line>
      <![CDATA[User Registeredm successfully]]>
    </line>
    <line>
      <![CDATA[Home Page is Displayed]]>
    </line>
    <line>
      <![CDATA[Register Page is Displayed]]>
    </line>
    <line>
      <![CDATA[User Registeredm successfully]]>
    </line>
    <line>
      <![CDATA[Home Page is Displayed]]>
    </line>
    <line>
      <![CDATA[Register Page is Displayed]]>
    </line>
    <line>
      <![CDATA[User Registeredm successfully]]>
    </line>
  </reporter-output>
  <suite started-at="2024-01-24T10:18:50 IST" name="Suite" finished-at="2024-01-24T10:19:21 IST" duration-ms="30989">
    <groups>
    </groups>
    <test started-at="2024-01-24T10:18:50 IST" name="Test" finished-at="2024-01-24T10:19:21 IST" duration-ms="30989">
      <class name="com.demowebshop.testscripts.TC002_VerifyUsrIsAbleToAddProductToWishListAndRemove">
        <test-method is-config="true" signature="launchBrowser(java.lang.String)[pri:0, instance:com.demowebshop.testscripts.TC002_VerifyUsrIsAbleToAddProductToWishListAndRemove@6c64cb25]" started-at="2024-01-24T10:18:50 IST" name="launchBrowser" finished-at="2024-01-24T10:18:54 IST" duration-ms="4234" status="PASS">
          <params>
            <param index="0">
              <value>
                <![CDATA[Chrome]]>
              </value>
            </param>
          </params>
          <reporter-output>
            <line>
              <![CDATA[Home Page is Displayed]]>
            </line>
          </reporter-output>
        </test-method> <!-- launchBrowser -->
        <test-method is-config="true" signature="login()[pri:0, instance:com.demowebshop.testscripts.TC002_VerifyUsrIsAbleToAddProductToWishListAndRemove@6c64cb25]" started-at="2024-01-24T10:18:54 IST" name="login" finished-at="2024-01-24T10:18:56 IST" duration-ms="1732" status="PASS">
          <reporter-output>
            <line>
              <![CDATA[Login page is displayed]]>
            </line>
            <line>
              <![CDATA[User loged In]]>
            </line>
          </reporter-output>
        </test-method> <!-- login -->
        <test-method signature="addProductToWishList()[pri:0, instance:com.demowebshop.testscripts.TC002_VerifyUsrIsAbleToAddProductToWishListAndRemove@6c64cb25]" started-at="2024-01-24T10:18:56 IST" name="addProductToWishList" finished-at="2024-01-24T10:18:59 IST" duration-ms="3110" status="PASS">
          <reporter-output>
            <line>
              <![CDATA[Books Page Is Displayed]]>
            </line>
            <line>
              <![CDATA[Wish List Page is Displayed]]>
            </line>
            <line>
              <![CDATA[Added Product is displayed in wish List]]>
            </line>
            <line>
              <![CDATA[Added Product is removed]]>
            </line>
          </reporter-output>
        </test-method> <!-- addProductToWishList -->
        <test-method is-config="true" signature="logout()[pri:0, instance:com.demowebshop.testscripts.TC002_VerifyUsrIsAbleToAddProductToWishListAndRemove@6c64cb25]" started-at="2024-01-24T10:18:59 IST" name="logout" finished-at="2024-01-24T10:19:00 IST" duration-ms="1233" status="PASS">
          <reporter-output>
          </reporter-output>
        </test-method> <!-- logout -->
        <test-method is-config="true" signature="closeBrowser()[pri:0, instance:com.demowebshop.testscripts.TC002_VerifyUsrIsAbleToAddProductToWishListAndRemove@6c64cb25]" started-at="2024-01-24T10:19:00 IST" name="closeBrowser" finished-at="2024-01-24T10:19:00 IST" duration-ms="101" status="PASS">
          <reporter-output>
          </reporter-output>
        </test-method> <!-- closeBrowser -->
      </class> <!-- com.demowebshop.testscripts.TC002_VerifyUsrIsAbleToAddProductToWishListAndRemove -->
      <class name="com.demowebshop.testscripts.TC003_VerifyUsrIsAbleToAddProductsToCartAndRemove">
        <test-method is-config="true" signature="launchBrowser(java.lang.String)[pri:0, instance:com.demowebshop.testscripts.TC003_VerifyUsrIsAbleToAddProductsToCartAndRemove@245b4bdc]" started-at="2024-01-24T10:18:50 IST" name="launchBrowser" finished-at="2024-01-24T10:18:54 IST" duration-ms="4234" status="PASS">
          <params>
            <param index="0">
              <value>
                <![CDATA[Chrome]]>
              </value>
            </param>
          </params>
          <reporter-output>
            <line>
              <![CDATA[Home Page is Displayed]]>
            </line>
          </reporter-output>
        </test-method> <!-- launchBrowser -->
        <test-method is-config="true" signature="login()[pri:0, instance:com.demowebshop.testscripts.TC003_VerifyUsrIsAbleToAddProductsToCartAndRemove@245b4bdc]" started-at="2024-01-24T10:18:54 IST" name="login" finished-at="2024-01-24T10:18:56 IST" duration-ms="1730" status="PASS">
          <reporter-output>
            <line>
              <![CDATA[Login page is displayed]]>
            </line>
            <line>
              <![CDATA[User loged In]]>
            </line>
          </reporter-output>
        </test-method> <!-- login -->
        <test-method signature="addProductToWishList()[pri:0, instance:com.demowebshop.testscripts.TC003_VerifyUsrIsAbleToAddProductsToCartAndRemove@245b4bdc]" started-at="2024-01-24T10:18:56 IST" name="addProductToWishList" finished-at="2024-01-24T10:19:01 IST" duration-ms="5882" status="PASS">
          <reporter-output>
            <line>
              <![CDATA[Digital Downloads Page Is Displayed]]>
            </line>
            <line>
              <![CDATA[Shopping Cart Page Is Displayed]]>
            </line>
            <line>
              <![CDATA[All Added Products are displayed]]>
            </line>
            <line>
              <![CDATA[All Added Products are removed from Cart]]>
            </line>
          </reporter-output>
        </test-method> <!-- addProductToWishList -->
        <test-method is-config="true" signature="logout()[pri:0, instance:com.demowebshop.testscripts.TC003_VerifyUsrIsAbleToAddProductsToCartAndRemove@245b4bdc]" started-at="2024-01-24T10:19:01 IST" name="logout" finished-at="2024-01-24T10:19:02 IST" duration-ms="883" status="PASS">
          <reporter-output>
          </reporter-output>
        </test-method> <!-- logout -->
        <test-method is-config="true" signature="closeBrowser()[pri:0, instance:com.demowebshop.testscripts.TC003_VerifyUsrIsAbleToAddProductsToCartAndRemove@245b4bdc]" started-at="2024-01-24T10:19:02 IST" name="closeBrowser" finished-at="2024-01-24T10:19:02 IST" duration-ms="104" status="PASS">
          <reporter-output>
          </reporter-output>
        </test-method> <!-- closeBrowser -->
      </class> <!-- com.demowebshop.testscripts.TC003_VerifyUsrIsAbleToAddProductsToCartAndRemove -->
      <class name="com.demowebshop.testscripts.TC001_VerifyThatUserIsAbleToRegister">
        <test-method signature="register(java.lang.String,java.lang.String,java.lang.String,java.lang.String,java.lang.String)[pri:0, instance:com.demowebshop.testscripts.TC001_VerifyThatUserIsAbleToRegister@8dbdac1]" started-at="2024-01-24T10:18:50 IST" name="register" data-provider="register" finished-at="2024-01-24T10:18:58 IST" duration-ms="7697" status="PASS">
          <params>
            <param index="0">
              <value>
                <![CDATA[Sheela]]>
              </value>
            </param>
            <param index="1">
              <value>
                <![CDATA[Gowda]]>
              </value>
            </param>
            <param index="2">
              <value>
                <![CDATA[Sheela@gmail.com]]>
              </value>
            </param>
            <param index="3">
              <value>
                <![CDATA[Sheela@123]]>
              </value>
            </param>
            <param index="4">
              <value>
                <![CDATA[Sheela@123]]>
              </value>
            </param>
          </params>
          <reporter-output>
            <line>
              <![CDATA[Home Page is Displayed]]>
            </line>
            <line>
              <![CDATA[Register Page is Displayed]]>
            </line>
            <line>
              <![CDATA[User Registeredm successfully]]>
            </line>
          </reporter-output>
        </test-method> <!-- register -->
        <test-method signature="register(java.lang.String,java.lang.String,java.lang.String,java.lang.String,java.lang.String)[pri:0, instance:com.demowebshop.testscripts.TC001_VerifyThatUserIsAbleToRegister@8dbdac1]" started-at="2024-01-24T10:18:58 IST" name="register" data-provider="register" finished-at="2024-01-24T10:19:05 IST" duration-ms="7323" status="PASS">
          <params>
            <param index="0">
              <value>
                <![CDATA[Leela]]>
              </value>
            </param>
            <param index="1">
              <value>
                <![CDATA[Nayak]]>
              </value>
            </param>
            <param index="2">
              <value>
                <![CDATA[Leela@gmail.com]]>
              </value>
            </param>
            <param index="3">
              <value>
                <![CDATA[Leela@123]]>
              </value>
            </param>
            <param index="4">
              <value>
                <![CDATA[Leela@123]]>
              </value>
            </param>
          </params>
          <reporter-output>
            <line>
              <![CDATA[Home Page is Displayed]]>
            </line>
            <line>
              <![CDATA[Register Page is Displayed]]>
            </line>
            <line>
              <![CDATA[User Registeredm successfully]]>
            </line>
          </reporter-output>
        </test-method> <!-- register -->
        <test-method signature="register(java.lang.String,java.lang.String,java.lang.String,java.lang.String,java.lang.String)[pri:0, instance:com.demowebshop.testscripts.TC001_VerifyThatUserIsAbleToRegister@8dbdac1]" started-at="2024-01-24T10:19:05 IST" name="register" data-provider="register" finished-at="2024-01-24T10:19:14 IST" duration-ms="8676" status="PASS">
          <params>
            <param index="0">
              <value>
                <![CDATA[Mala]]>
              </value>
            </param>
            <param index="1">
              <value>
                <![CDATA[Gowda]]>
              </value>
            </param>
            <param index="2">
              <value>
                <![CDATA[Mala@gmail.com]]>
              </value>
            </param>
            <param index="3">
              <value>
                <![CDATA[Mala@123]]>
              </value>
            </param>
            <param index="4">
              <value>
                <![CDATA[Mala@123]]>
              </value>
            </param>
          </params>
          <reporter-output>
            <line>
              <![CDATA[Home Page is Displayed]]>
            </line>
            <line>
              <![CDATA[Register Page is Displayed]]>
            </line>
            <line>
              <![CDATA[User Registeredm successfully]]>
            </line>
          </reporter-output>
        </test-method> <!-- register -->
        <test-method signature="register(java.lang.String,java.lang.String,java.lang.String,java.lang.String,java.lang.String)[pri:0, instance:com.demowebshop.testscripts.TC001_VerifyThatUserIsAbleToRegister@8dbdac1]" started-at="2024-01-24T10:19:14 IST" name="register" data-provider="register" finished-at="2024-01-24T10:19:21 IST" duration-ms="6539" status="PASS">
          <params>
            <param index="0">
              <value>
                <![CDATA[Urmila]]>
              </value>
            </param>
            <param index="1">
              <value>
                <![CDATA[Jain]]>
              </value>
            </param>
            <param index="2">
              <value>
                <![CDATA[Urmila@gmail.com]]>
              </value>
            </param>
            <param index="3">
              <value>
                <![CDATA[Urmila@123]]>
              </value>
            </param>
            <param index="4">
              <value>
                <![CDATA[Urmila@123]]>
              </value>
            </param>
          </params>
          <reporter-output>
            <line>
              <![CDATA[Home Page is Displayed]]>
            </line>
            <line>
              <![CDATA[Register Page is Displayed]]>
            </line>
            <line>
              <![CDATA[User Registeredm successfully]]>
            </line>
          </reporter-output>
        </test-method> <!-- register -->
      </class> <!-- com.demowebshop.testscripts.TC001_VerifyThatUserIsAbleToRegister -->
    </test> <!-- Test -->
  </suite> <!-- Suite -->
</testng-results>
