<?xml version="1.0" encoding="UTF-8"?>
<!-- Generated by org.testng.reporters.JUnitXMLReporter -->
<testsuite ignored="0" hostname="TYSS-Chethan-Kumar" failures="0" tests="4" name="Default test" time="26.112" errors="0" timestamp="2024-01-29T12:57:01 IST">
  <testcase classname="com.demowebshop.testscripts.TC001_VerifyThatUserIsAbleToRegisterTest" name="register" time="6.834"/>
  <testcase classname="com.demowebshop.testscripts.TC001_VerifyThatUserIsAbleToRegisterTest" name="register" time="6.286"/>
  <testcase classname="com.demowebshop.testscripts.TC001_VerifyThatUserIsAbleToRegisterTest" name="register" time="6.183"/>
  <testcase classname="com.demowebshop.testscripts.TC001_VerifyThatUserIsAbleToRegisterTest" name="register" time="6.122"/>
</testsuite> <!-- Default test -->
