<?xml version="1.0" encoding="UTF-8"?>
<!-- Generated by org.testng.reporters.JUnitXMLReporter -->
<testsuite ignored="0" hostname="TYSS-Chethan-Kumar" failures="0" tests="6" name="Test" time="30.989" errors="0" timestamp="2024-01-24T10:19:21 IST">
  <testcase classname="com.demowebshop.testscripts.TC001_VerifyThatUserIsAbleToRegister" name="register" time="7.697"/>
  <testcase classname="com.demowebshop.testscripts.TC002_VerifyUsrIsAbleToAddProductToWishListAndRemove" name="addProductToWishList" time="3.11"/>
  <testcase classname="com.demowebshop.testscripts.TC003_VerifyUsrIsAbleToAddProductsToCartAndRemove" name="addProductToWishList" time="5.882"/>
  <testcase classname="com.demowebshop.testscripts.TC001_VerifyThatUserIsAbleToRegister" name="register" time="7.323"/>
  <testcase classname="com.demowebshop.testscripts.TC001_VerifyThatUserIsAbleToRegister" name="register" time="8.676"/>
  <testcase classname="com.demowebshop.testscripts.TC001_VerifyThatUserIsAbleToRegister" name="register" time="6.539"/>
</testsuite> <!-- Test -->
