<?xml version="1.0" encoding="UTF-8"?>
<!-- Generated by org.testng.reporters.JUnitXMLReporter -->
<testsuite ignored="2" hostname="TYSS-Chethan-Kumar" failures="0" tests="6" name="Test" time="27.335" errors="0" timestamp="2024-01-29T12:59:10 IST">
  <testcase classname="com.demowebshop.testscripts.TC001_VerifyThatUserIsAbleToRegisterTest" name="register" time="7.934"/>
  <testcase classname="com.demowebshop.testscripts.TC002_VerifyUsrIsAbleToAddProductToWishListAndRemoveTest" name="addProductToWishList" time="3.181"/>
  <testcase classname="com.demowebshop.testscripts.TC003_VerifyUsrIsAbleToAddProductsToCartAndRemoveTest" name="addProductToWishList" time="5.742"/>
  <testcase classname="com.demowebshop.testscripts.TC001_VerifyThatUserIsAbleToRegisterTest" name="register" time="6.487"/>
  <testcase classname="com.demowebshop.testscripts.TC001_VerifyThatUserIsAbleToRegisterTest" name="register" time="6.201"/>
  <testcase classname="com.demowebshop.testscripts.TC001_VerifyThatUserIsAbleToRegisterTest" name="register" time="6.016"/>
  <testcase classname="com.demowebshop.genericlibrary.BaseTest" name="@AfterSuite afterSuite" time="0.0">
    <ignored/>
  </testcase> <!-- @AfterSuite afterSuite -->
  <testcase classname="com.demowebshop.genericlibrary.BaseTest" name="@BeforeSuite beforeSuite" time="0.0">
    <ignored/>
  </testcase> <!-- @BeforeSuite beforeSuite -->
</testsuite> <!-- Test -->
